<?xml version="1.0" encoding="UTF-8"?>
<!-- Generated by org.testng.reporters.JUnitXMLReporter -->
<testsuite ignored="0" hostname="LAPTOP-AGDVKS79" failures="1" tests="2" name="Error Validation Test" time="17.072" errors="0" timestamp="11 Dec 2025 17:09:37 GMT">
  <testcase classname="eCommerce.tests.ErrorValidationTest" name="LoginErrorValidation" time="3.075">
    <skipped/>
  </testcase> <!-- LoginErrorValidation -->
  <testcase classname="eCommerce.tests.ErrorValidationTest" name="LoginErrorValidation" time="1.254">
    <failure type="java.lang.AssertionError" message="expected [Incorrect email or password.] but found [Incorrect email  password]">
      <![CDATA[java.lang.AssertionError: expected [Incorrect email or password.] but found [Incorrect email  password]
at eCommerce.tests.ErrorValidationTest.LoginErrorValidation(ErrorValidationTest.java:22)
at java.base/java.util.concurrent.FutureTask.run(FutureTask.java:317)
at java.base/java.util.concurrent.ThreadPoolExecutor.runWorker(ThreadPoolExecutor.java:1144)
at java.base/java.util.concurrent.ThreadPoolExecutor$Worker.run(ThreadPoolExecutor.java:642)
at java.base/java.lang.Thread.run(Thread.java:1583)
... Removed 20 stack frames]]>
    </failure>
  </testcase> <!-- LoginErrorValidation -->
</testsuite> <!-- Error Validation Test -->
